::1 - - [15/Nov/2023:09:58:53 +0000] "GET /scrape HTTP/1.1" - - "-" "PostmanRuntime/7.35.0"
::1 - - [15/Nov/2023:10:01:35 +0000] "GET /scrape HTTP/1.1" - - "-" "PostmanRuntime/7.35.0"
::1 - - [15/Nov/2023:10:03:50 +0000] "GET /scrape HTTP/1.1" - - "-" "PostmanRuntime/7.35.0"
::1 - - [15/Nov/2023:10:15:49 +0000] "GET /test HTTP/1.1" - - "-" "PostmanRuntime/7.35.0"
::1 - - [15/Nov/2023:10:18:20 +0000] "GET / HTTP/1.1" 404 139 "-" "Mozilla/5.0 (Macintosh; Intel Mac OS X 10_15_7) AppleWebKit/537.36 (KHTML, like Gecko) Chrome/119.0.0.0 Safari/537.36"
::1 - - [15/Nov/2023:10:20:32 +0000] "GET /scrape HTTP/1.1" 200 32 "-" "PostmanRuntime/7.35.0"
::1 - - [15/Nov/2023:10:21:05 +0000] "GET /scrape HTTP/1.1" 200 32 "-" "Mozilla/5.0 (Macintosh; Intel Mac OS X 10_15_7) AppleWebKit/537.36 (KHTML, like Gecko) Chrome/119.0.0.0 Safari/537.36"
::1 - - [15/Nov/2023:10:21:54 +0000] "GET /test HTTP/1.1" 200 37 "-" "Mozilla/5.0 (Macintosh; Intel Mac OS X 10_15_7) AppleWebKit/537.36 (KHTML, like Gecko) Chrome/119.0.0.0 Safari/537.36"
::1 - - [17/Nov/2023:09:56:50 +0000] "GET /scrape HTTP/1.1" 200 32 "-" "PostmanRuntime/7.35.0"
::1 - - [17/Nov/2023:10:00:40 +0000] "GET /scrape HTTP/1.1" 200 32 "-" "PostmanRuntime/7.35.0"
::1 - - [17/Nov/2023:10:03:01 +0000] "GET /scrape HTTP/1.1" 200 32 "-" "PostmanRuntime/7.35.0"
::1 - - [17/Nov/2023:10:04:10 +0000] "GET /scrape HTTP/1.1" 200 32 "-" "PostmanRuntime/7.35.0"
::1 - - [17/Nov/2023:10:05:45 +0000] "GET /test HTTP/1.1" 200 37 "-" "PostmanRuntime/7.35.0"
::1 - - [17/Nov/2023:10:06:32 +0000] "GET /scrape HTTP/1.1" 200 32 "-" "PostmanRuntime/7.35.0"
::1 - - [17/Nov/2023:10:07:45 +0000] "GET /scrape HTTP/1.1" 200 32 "-" "PostmanRuntime/7.35.0"
::1 - - [17/Nov/2023:10:08:23 +0000] "GET /scrape HTTP/1.1" 200 32 "-" "PostmanRuntime/7.35.0"
::1 - - [17/Nov/2023:10:14:55 +0000] "GET /scrape HTTP/1.1" 200 32 "-" "PostmanRuntime/7.35.0"
::1 - - [17/Nov/2023:10:15:47 +0000] "GET /scrape HTTP/1.1" 200 32 "-" "PostmanRuntime/7.35.0"
::1 - - [17/Nov/2023:10:16:27 +0000] "GET /scrape HTTP/1.1" 200 32 "-" "PostmanRuntime/7.35.0"
::1 - - [17/Nov/2023:10:18:43 +0000] "GET /scrape HTTP/1.1" 200 32 "-" "PostmanRuntime/7.35.0"
::1 - - [17/Nov/2023:10:19:45 +0000] "GET /scrape HTTP/1.1" 200 32 "-" "PostmanRuntime/7.35.0"
